<?xml version="1.0" encoding="UTF-8"?>
<!-- Generated by org.testng.reporters.JUnitXMLReporter -->
<testsuite hostname="Simba-PC" name="Default test" tests="4" failures="0" timestamp="19 Sep 2016 07:17:52 GMT" time="58.252" errors="0">
  <testcase name="TestWebq1" time="9.425" classname="Webq.Case.CaseWebq"/>
  <testcase name="TestWebq2" time="3.738" classname="Webq.Case.CaseWebq"/>
  <testcase name="TestWebq3" time="45.057" classname="Webq.Case.CaseWebq"/>
  <testcase name="TestWebq4" time="0.001" classname="Webq.Case.CaseWebq"/>
</testsuite> <!-- Default test -->
